This file contains any messages produced by compilers while
running configure, to aid debugging if configure makes a mistake.

It was created by clipboard configure 0.0.1, which was
generated by GNU Autoconf 2.69.  Invocation command line was

  $ ./configure --no-create --no-recursion

## --------- ##
## Platform. ##
## --------- ##

hostname = E31-70
uname -m = x86_64
uname -r = 4.2.0-35-generic
uname -s = Linux
uname -v = #40~14.04.1-Ubuntu SMP Fri Mar 18 16:37:35 UTC 2016

/usr/bin/uname -p = unknown
/bin/uname -X     = unknown

/bin/arch              = unknown
/usr/bin/arch -k       = unknown
/usr/convex/getsysinfo = unknown
/usr/bin/hostinfo      = unknown
/bin/machine           = unknown
/usr/bin/oslevel       = unknown
/bin/universe          = unknown

PATH: /usr/local/sbin
PATH: /usr/local/bin
PATH: /usr/sbin
PATH: /usr/bin
PATH: /sbin
PATH: /bin


## ----------- ##
## Core tests. ##
## ----------- ##

configure:2185: checking build system type
configure:2199: result: x86_64-unknown-linux-gnu
configure:2219: checking host system type
configure:2232: result: x86_64-unknown-linux-gnu
configure:2303: checking for gcc
configure:2319: found /usr/bin/gcc
configure:2330: result: gcc
configure:2559: checking for C compiler version
configure:2568: gcc --version >&5
gcc (Ubuntu 4.8.4-2ubuntu1~14.04.1) 4.8.4
Copyright (C) 2013 Free Software Foundation, Inc.
This is free software; see the source for copying conditions.  There is NO
warranty; not even for MERCHANTABILITY or FITNESS FOR A PARTICULAR PURPOSE.

configure:2579: $? = 0
configure:2568: gcc -v >&5
Using built-in specs.
COLLECT_GCC=gcc
COLLECT_LTO_WRAPPER=/usr/lib/gcc/x86_64-linux-gnu/4.8/lto-wrapper
Target: x86_64-linux-gnu
Configured with: ../src/configure -v --with-pkgversion='Ubuntu 4.8.4-2ubuntu1~14.04.1' --with-bugurl=file:///usr/share/doc/gcc-4.8/README.Bugs --enable-languages=c,c++,java,go,d,fortran,objc,obj-c++ --prefix=/usr --program-suffix=-4.8 --enable-shared --enable-linker-build-id --libexecdir=/usr/lib --without-included-gettext --enable-threads=posix --with-gxx-include-dir=/usr/include/c++/4.8 --libdir=/usr/lib --enable-nls --with-sysroot=/ --enable-clocale=gnu --enable-libstdcxx-debug --enable-libstdcxx-time=yes --enable-gnu-unique-object --disable-libmudflap --enable-plugin --with-system-zlib --disable-browser-plugin --enable-java-awt=gtk --enable-gtk-cairo --with-java-home=/usr/lib/jvm/java-1.5.0-gcj-4.8-amd64/jre --enable-java-home --with-jvm-root-dir=/usr/lib/jvm/java-1.5.0-gcj-4.8-amd64 --with-jvm-jar-dir=/usr/lib/jvm-exports/java-1.5.0-gcj-4.8-amd64 --with-arch-directory=amd64 --with-ecj-jar=/usr/share/java/eclipse-ecj.jar --enable-objc-gc --enable-multiarch --disable-werror --with-arch-32=i686 --with-abi=m64 --with-multilib-list=m32,m64,mx32 --with-tune=generic --enable-checking=release --build=x86_64-linux-gnu --host=x86_64-linux-gnu --target=x86_64-linux-gnu
Thread model: posix
gcc version 4.8.4 (Ubuntu 4.8.4-2ubuntu1~14.04.1) 
configure:2579: $? = 0
configure:2568: gcc -V >&5
gcc: error: unrecognized command line option '-V'
gcc: fatal error: no input files
compilation terminated.
configure:2579: $? = 4
configure:2568: gcc -qversion >&5
gcc: error: unrecognized command line option '-qversion'
gcc: fatal error: no input files
compilation terminated.
configure:2579: $? = 4
configure:2599: checking whether the C compiler works
configure:2621: gcc    conftest.c  >&5
configure:2625: $? = 0
configure:2673: result: yes
configure:2676: checking for C compiler default output file name
configure:2678: result: a.out
configure:2684: checking for suffix of executables
configure:2691: gcc -o conftest    conftest.c  >&5
configure:2695: $? = 0
configure:2717: result: 
configure:2739: checking whether we are cross compiling
configure:2747: gcc -o conftest    conftest.c  >&5
configure:2751: $? = 0
configure:2758: ./conftest
configure:2762: $? = 0
configure:2777: result: no
configure:2782: checking for suffix of object files
configure:2804: gcc -c   conftest.c >&5
configure:2808: $? = 0
configure:2829: result: o
configure:2833: checking whether we are using the GNU C compiler
configure:2852: gcc -c   conftest.c >&5
configure:2852: $? = 0
configure:2861: result: yes
configure:2870: checking whether gcc accepts -g
configure:2890: gcc -c -g  conftest.c >&5
configure:2890: $? = 0
configure:2931: result: yes
configure:2948: checking for gcc option to accept ISO C89
configure:3011: gcc  -c -g -O2  conftest.c >&5
configure:3011: $? = 0
configure:3024: result: none needed
configure:3049: checking whether gcc understands -c and -o together
configure:3071: gcc -c conftest.c -o conftest2.o
configure:3074: $? = 0
configure:3071: gcc -c conftest.c -o conftest2.o
configure:3074: $? = 0
configure:3086: result: yes
configure:3104: checking for library containing strerror
configure:3135: gcc -o conftest -g -O2   conftest.c  >&5
configure:3135: $? = 0
configure:3152: result: none required
configure:3177: checking for a BSD-compatible install
configure:3245: result: /usr/bin/install -c
configure:3256: checking whether build environment is sane
configure:3311: result: yes
configure:3459: checking for a thread-safe mkdir -p
configure:3498: result: /bin/mkdir -p
configure:3505: checking for gawk
configure:3535: result: no
configure:3505: checking for mawk
configure:3521: found /usr/bin/mawk
configure:3532: result: mawk
configure:3543: checking whether make sets $(MAKE)
configure:3565: result: yes
configure:3595: checking for style of include used by make
configure:3623: result: GNU
configure:3657: checking whether make supports nested variables
configure:3674: result: yes
configure:3759: checking dependency style of gcc
configure:3870: result: gcc3
configure:3978: checking for gcc
configure:4005: result: gcc
configure:4234: checking for C compiler version
configure:4243: gcc --version >&5
gcc (Ubuntu 4.8.4-2ubuntu1~14.04.1) 4.8.4
Copyright (C) 2013 Free Software Foundation, Inc.
This is free software; see the source for copying conditions.  There is NO
warranty; not even for MERCHANTABILITY or FITNESS FOR A PARTICULAR PURPOSE.

configure:4254: $? = 0
configure:4243: gcc -v >&5
Using built-in specs.
COLLECT_GCC=gcc
COLLECT_LTO_WRAPPER=/usr/lib/gcc/x86_64-linux-gnu/4.8/lto-wrapper
Target: x86_64-linux-gnu
Configured with: ../src/configure -v --with-pkgversion='Ubuntu 4.8.4-2ubuntu1~14.04.1' --with-bugurl=file:///usr/share/doc/gcc-4.8/README.Bugs --enable-languages=c,c++,java,go,d,fortran,objc,obj-c++ --prefix=/usr --program-suffix=-4.8 --enable-shared --enable-linker-build-id --libexecdir=/usr/lib --without-included-gettext --enable-threads=posix --with-gxx-include-dir=/usr/include/c++/4.8 --libdir=/usr/lib --enable-nls --with-sysroot=/ --enable-clocale=gnu --enable-libstdcxx-debug --enable-libstdcxx-time=yes --enable-gnu-unique-object --disable-libmudflap --enable-plugin --with-system-zlib --disable-browser-plugin --enable-java-awt=gtk --enable-gtk-cairo --with-java-home=/usr/lib/jvm/java-1.5.0-gcj-4.8-amd64/jre --enable-java-home --with-jvm-root-dir=/usr/lib/jvm/java-1.5.0-gcj-4.8-amd64 --with-jvm-jar-dir=/usr/lib/jvm-exports/java-1.5.0-gcj-4.8-amd64 --with-arch-directory=amd64 --with-ecj-jar=/usr/share/java/eclipse-ecj.jar --enable-objc-gc --enable-multiarch --disable-werror --with-arch-32=i686 --with-abi=m64 --with-multilib-list=m32,m64,mx32 --with-tune=generic --enable-checking=release --build=x86_64-linux-gnu --host=x86_64-linux-gnu --target=x86_64-linux-gnu
Thread model: posix
gcc version 4.8.4 (Ubuntu 4.8.4-2ubuntu1~14.04.1) 
configure:4254: $? = 0
configure:4243: gcc -V >&5
gcc: error: unrecognized command line option '-V'
gcc: fatal error: no input files
compilation terminated.
configure:4254: $? = 4
configure:4243: gcc -qversion >&5
gcc: error: unrecognized command line option '-qversion'
gcc: fatal error: no input files
compilation terminated.
configure:4254: $? = 4
configure:4258: checking whether we are using the GNU C compiler
configure:4286: result: yes
configure:4295: checking whether gcc accepts -g
configure:4356: result: yes
configure:4373: checking for gcc option to accept ISO C89
configure:4449: result: none needed
configure:4474: checking whether gcc understands -c and -o together
configure:4511: result: yes
configure:4533: checking how to run the C preprocessor
configure:4564: gcc -E  conftest.c
configure:4564: $? = 0
configure:4578: gcc -E  conftest.c
conftest.c:11:28: fatal error: ac_nonexistent.h: No such file or directory
 #include <ac_nonexistent.h>
                            ^
compilation terminated.
configure:4578: $? = 1
configure: failed program was:
| /* confdefs.h */
| #define PACKAGE_NAME "clipboard"
| #define PACKAGE_TARNAME "clipboard"
| #define PACKAGE_VERSION "0.0.1"
| #define PACKAGE_STRING "clipboard 0.0.1"
| #define PACKAGE_BUGREPORT "enlightenment-devel@lists.sourceforge.net"
| #define PACKAGE_URL ""
| #define PACKAGE "clipboard"
| #define VERSION "0.0.1"
| /* end confdefs.h.  */
| #include <ac_nonexistent.h>
configure:4603: result: gcc -E
configure:4623: gcc -E  conftest.c
configure:4623: $? = 0
configure:4637: gcc -E  conftest.c
conftest.c:11:28: fatal error: ac_nonexistent.h: No such file or directory
 #include <ac_nonexistent.h>
                            ^
compilation terminated.
configure:4637: $? = 1
configure: failed program was:
| /* confdefs.h */
| #define PACKAGE_NAME "clipboard"
| #define PACKAGE_TARNAME "clipboard"
| #define PACKAGE_VERSION "0.0.1"
| #define PACKAGE_STRING "clipboard 0.0.1"
| #define PACKAGE_BUGREPORT "enlightenment-devel@lists.sourceforge.net"
| #define PACKAGE_URL ""
| #define PACKAGE "clipboard"
| #define VERSION "0.0.1"
| /* end confdefs.h.  */
| #include <ac_nonexistent.h>
configure:4666: checking for grep that handles long lines and -e
configure:4724: result: /bin/grep
configure:4729: checking for egrep
configure:4791: result: /bin/grep -E
configure:4796: checking for ANSI C header files
configure:4816: gcc -c -g -O2  conftest.c >&5
configure:4816: $? = 0
configure:4889: gcc -o conftest -g -O2   conftest.c  >&5
configure:4889: $? = 0
configure:4889: ./conftest
configure:4889: $? = 0
configure:4900: result: yes
configure:4908: checking for an ANSI C-conforming const
configure:4974: gcc -c -g -O2  conftest.c >&5
configure:4974: $? = 0
configure:4981: result: yes
configure:5036: checking how to print strings
configure:5063: result: printf
configure:5084: checking for a sed that does not truncate output
configure:5148: result: /bin/sed
configure:5166: checking for fgrep
configure:5228: result: /bin/grep -F
configure:5263: checking for ld used by gcc
configure:5330: result: /usr/bin/ld
configure:5337: checking if the linker (/usr/bin/ld) is GNU ld
configure:5352: result: yes
configure:5364: checking for BSD- or MS-compatible name lister (nm)
configure:5413: result: /usr/bin/nm -B
configure:5543: checking the name lister (/usr/bin/nm -B) interface
configure:5550: gcc -c -g -O2  conftest.c >&5
configure:5553: /usr/bin/nm -B "conftest.o"
configure:5556: output
0000000000000000 B some_variable
configure:5563: result: BSD nm
configure:5566: checking whether ln -s works
configure:5570: result: yes
configure:5578: checking the maximum length of command line arguments
configure:5709: result: 3458764513820540925
configure:5726: checking whether the shell understands some XSI constructs
configure:5736: result: yes
configure:5740: checking whether the shell understands "+="
configure:5746: result: yes
configure:5781: checking how to convert x86_64-unknown-linux-gnu file names to x86_64-unknown-linux-gnu format
configure:5821: result: func_convert_file_noop
configure:5828: checking how to convert x86_64-unknown-linux-gnu file names to toolchain format
configure:5848: result: func_convert_file_noop
configure:5855: checking for /usr/bin/ld option to reload object files
configure:5862: result: -r
configure:5936: checking for objdump
configure:5952: found /usr/bin/objdump
configure:5963: result: objdump
configure:5995: checking how to recognize dependent libraries
configure:6193: result: pass_all
configure:6278: checking for dlltool
configure:6308: result: no
configure:6338: checking how to associate runtime and link libraries
configure:6365: result: printf %s\n
configure:6425: checking for ar
configure:6441: found /usr/bin/ar
configure:6452: result: ar
configure:6489: checking for archiver @FILE support
configure:6506: gcc -c -g -O2  conftest.c >&5
configure:6506: $? = 0
configure:6509: ar cru libconftest.a @conftest.lst >&5
configure:6512: $? = 0
configure:6517: ar cru libconftest.a @conftest.lst >&5
ar: conftest.o: No such file or directory
configure:6520: $? = 1
configure:6532: result: @
configure:6590: checking for strip
configure:6606: found /usr/bin/strip
configure:6617: result: strip
configure:6689: checking for ranlib
configure:6705: found /usr/bin/ranlib
configure:6716: result: ranlib
configure:6818: checking command to parse /usr/bin/nm -B output from gcc object
configure:6938: gcc -c -g -O2  conftest.c >&5
configure:6941: $? = 0
configure:6945: /usr/bin/nm -B conftest.o \| sed -n -e 's/^.*[ ]\([ABCDGIRSTW][ABCDGIRSTW]*\)[ ][ ]*\([_A-Za-z][_A-Za-z0-9]*\)$/\1 \2 \2/p' | sed '/ __gnu_lto/d' \> conftest.nm
configure:6948: $? = 0
configure:7014: gcc -o conftest -g -O2   conftest.c conftstm.o >&5
configure:7017: $? = 0
configure:7055: result: ok
configure:7092: checking for sysroot
configure:7122: result: no
configure:7199: gcc -c -g -O2  conftest.c >&5
configure:7202: $? = 0
configure:7391: checking for mt
configure:7407: found /bin/mt
configure:7418: result: mt
configure:7441: checking if mt is a manifest tool
configure:7447: mt '-?'
configure:7455: result: no
configure:8097: checking for sys/types.h
configure:8097: gcc -c -g -O2  conftest.c >&5
configure:8097: $? = 0
configure:8097: result: yes
configure:8097: checking for sys/stat.h
configure:8097: gcc -c -g -O2  conftest.c >&5
configure:8097: $? = 0
configure:8097: result: yes
configure:8097: checking for stdlib.h
configure:8097: gcc -c -g -O2  conftest.c >&5
configure:8097: $? = 0
configure:8097: result: yes
configure:8097: checking for string.h
configure:8097: gcc -c -g -O2  conftest.c >&5
configure:8097: $? = 0
configure:8097: result: yes
configure:8097: checking for memory.h
configure:8097: gcc -c -g -O2  conftest.c >&5
configure:8097: $? = 0
configure:8097: result: yes
configure:8097: checking for strings.h
configure:8097: gcc -c -g -O2  conftest.c >&5
configure:8097: $? = 0
configure:8097: result: yes
configure:8097: checking for inttypes.h
configure:8097: gcc -c -g -O2  conftest.c >&5
configure:8097: $? = 0
configure:8097: result: yes
configure:8097: checking for stdint.h
configure:8097: gcc -c -g -O2  conftest.c >&5
configure:8097: $? = 0
configure:8097: result: yes
configure:8097: checking for unistd.h
configure:8097: gcc -c -g -O2  conftest.c >&5
configure:8097: $? = 0
configure:8097: result: yes
configure:8111: checking for dlfcn.h
configure:8111: gcc -c -g -O2  conftest.c >&5
configure:8111: $? = 0
configure:8111: result: yes
configure:8317: checking for objdir
configure:8332: result: .libs
configure:8599: checking if gcc supports -fno-rtti -fno-exceptions
configure:8617: gcc -c -g -O2  -fno-rtti -fno-exceptions conftest.c >&5
cc1: warning: command line option '-fno-rtti' is valid for C++/ObjC++ but not for C [enabled by default]
configure:8621: $? = 0
configure:8634: result: no
configure:8961: checking for gcc option to produce PIC
configure:8968: result: -fPIC -DPIC
configure:8976: checking if gcc PIC flag -fPIC -DPIC works
configure:8994: gcc -c -g -O2  -fPIC -DPIC -DPIC conftest.c >&5
configure:8998: $? = 0
configure:9011: result: yes
configure:9040: checking if gcc static flag -static works
configure:9068: result: yes
configure:9083: checking if gcc supports -c -o file.o
configure:9104: gcc -c -g -O2  -o out/conftest2.o conftest.c >&5
configure:9108: $? = 0
configure:9130: result: yes
configure:9138: checking if gcc supports -c -o file.o
configure:9185: result: yes
configure:9218: checking whether the gcc linker (/usr/bin/ld -m elf_x86_64) supports shared libraries
configure:10375: result: yes
configure:10412: checking whether -lc should be explicitly linked in
configure:10420: gcc -c -g -O2  conftest.c >&5
configure:10423: $? = 0
configure:10438: gcc -shared  -fPIC -DPIC conftest.o  -v -Wl,-soname -Wl,conftest -o conftest 2\>\&1 \| /bin/grep  -lc  \>/dev/null 2\>\&1
configure:10441: $? = 0
configure:10455: result: no
configure:10615: checking dynamic linker characteristics
configure:11115: gcc -o conftest -g -O2   -Wl,-rpath -Wl,/foo conftest.c  >&5
configure:11115: $? = 0
configure:11349: result: GNU/Linux ld.so
configure:11456: checking how to hardcode library paths into programs
configure:11481: result: immediate
configure:12021: checking whether stripping libraries is possible
configure:12026: result: yes
configure:12061: checking if libtool supports shared libraries
configure:12063: result: yes
configure:12066: checking whether to build shared libraries
configure:12087: result: yes
configure:12090: checking whether to build static libraries
configure:12094: result: yes
configure:12186: checking for pkg-config
configure:12204: found /usr/bin/pkg-config
configure:12216: result: /usr/bin/pkg-config
configure:12241: checking pkg-config is at least version 0.9.0
configure:12244: result: yes
configure:12254: checking for E
configure:12261: $PKG_CONFIG --exists --print-errors "enlightenment"
configure:12264: $? = 0
configure:12278: $PKG_CONFIG --exists --print-errors "enlightenment"
configure:12281: $? = 0
configure:12339: result: yes
configure:12362: checking for BSD
configure:12369: $PKG_CONFIG --exists --print-errors "libbsd"
configure:12372: $? = 0
configure:12386: $PKG_CONFIG --exists --print-errors "libbsd"
configure:12389: $? = 0
configure:12447: result: yes
configure:12457: checking for EDJE
configure:12464: $PKG_CONFIG --exists --print-errors "edje >= 0.5.0"
configure:12467: $? = 0
configure:12481: $PKG_CONFIG --exists --print-errors "edje >= 0.5.0"
configure:12484: $? = 0
configure:12542: result: yes
configure:12561: checking Which edje_cc to use
configure:12563: result: /usr/bin/edje_cc
configure:12687: checking that generated files are newer than configure
configure:12693: result: done
configure:12716: creating ./config.status

## ---------------- ##
## Cache variables. ##
## ---------------- ##

ac_cv_build=x86_64-unknown-linux-gnu
ac_cv_c_compiler_gnu=yes
ac_cv_c_const=yes
ac_cv_env_BSD_CFLAGS_set=
ac_cv_env_BSD_CFLAGS_value=
ac_cv_env_BSD_LIBS_set=
ac_cv_env_BSD_LIBS_value=
ac_cv_env_CC_set=
ac_cv_env_CC_value=
ac_cv_env_CFLAGS_set=
ac_cv_env_CFLAGS_value=
ac_cv_env_CPPFLAGS_set=
ac_cv_env_CPPFLAGS_value=
ac_cv_env_CPP_set=
ac_cv_env_CPP_value=
ac_cv_env_EDJE_CFLAGS_set=
ac_cv_env_EDJE_CFLAGS_value=
ac_cv_env_EDJE_LIBS_set=
ac_cv_env_EDJE_LIBS_value=
ac_cv_env_E_CFLAGS_set=
ac_cv_env_E_CFLAGS_value=
ac_cv_env_E_LIBS_set=
ac_cv_env_E_LIBS_value=
ac_cv_env_LDFLAGS_set=
ac_cv_env_LDFLAGS_value=
ac_cv_env_LIBS_set=
ac_cv_env_LIBS_value=
ac_cv_env_PKG_CONFIG_LIBDIR_set=
ac_cv_env_PKG_CONFIG_LIBDIR_value=
ac_cv_env_PKG_CONFIG_PATH_set=
ac_cv_env_PKG_CONFIG_PATH_value=
ac_cv_env_PKG_CONFIG_set=
ac_cv_env_PKG_CONFIG_value=
ac_cv_env_build_alias_set=
ac_cv_env_build_alias_value=
ac_cv_env_host_alias_set=
ac_cv_env_host_alias_value=
ac_cv_env_target_alias_set=
ac_cv_env_target_alias_value=
ac_cv_header_dlfcn_h=yes
ac_cv_header_inttypes_h=yes
ac_cv_header_memory_h=yes
ac_cv_header_stdc=yes
ac_cv_header_stdint_h=yes
ac_cv_header_stdlib_h=yes
ac_cv_header_string_h=yes
ac_cv_header_strings_h=yes
ac_cv_header_sys_stat_h=yes
ac_cv_header_sys_types_h=yes
ac_cv_header_unistd_h=yes
ac_cv_host=x86_64-unknown-linux-gnu
ac_cv_objext=o
ac_cv_path_EGREP='/bin/grep -E'
ac_cv_path_FGREP='/bin/grep -F'
ac_cv_path_GREP=/bin/grep
ac_cv_path_SED=/bin/sed
ac_cv_path_ac_pt_PKG_CONFIG=/usr/bin/pkg-config
ac_cv_path_install='/usr/bin/install -c'
ac_cv_path_mkdir=/bin/mkdir
ac_cv_prog_AWK=mawk
ac_cv_prog_CPP='gcc -E'
ac_cv_prog_ac_ct_AR=ar
ac_cv_prog_ac_ct_CC=gcc
ac_cv_prog_ac_ct_MANIFEST_TOOL=mt
ac_cv_prog_ac_ct_OBJDUMP=objdump
ac_cv_prog_ac_ct_RANLIB=ranlib
ac_cv_prog_ac_ct_STRIP=strip
ac_cv_prog_cc_c89=
ac_cv_prog_cc_g=yes
ac_cv_prog_make_make_set=yes
ac_cv_search_strerror='none required'
am_cv_CC_dependencies_compiler_type=gcc3
am_cv_make_support_nested_variables=yes
am_cv_prog_cc_c_o=yes
lt_cv_ar_at_file=@
lt_cv_archive_cmds_need_lc=no
lt_cv_deplibs_check_method=pass_all
lt_cv_file_magic_cmd='$MAGIC_CMD'
lt_cv_file_magic_test_file=
lt_cv_ld_reload_flag=-r
lt_cv_nm_interface='BSD nm'
lt_cv_objdir=.libs
lt_cv_path_LD=/usr/bin/ld
lt_cv_path_NM='/usr/bin/nm -B'
lt_cv_path_mainfest_tool=no
lt_cv_prog_compiler_c_o=yes
lt_cv_prog_compiler_pic='-fPIC -DPIC'
lt_cv_prog_compiler_pic_works=yes
lt_cv_prog_compiler_rtti_exceptions=no
lt_cv_prog_compiler_static_works=yes
lt_cv_prog_gnu_ld=yes
lt_cv_sharedlib_from_linklib_cmd='printf %s\n'
lt_cv_shlibpath_overrides_runpath=no
lt_cv_sys_global_symbol_pipe='sed -n -e '\''s/^.*[	 ]\([ABCDGIRSTW][ABCDGIRSTW]*\)[	 ][	 ]*\([_A-Za-z][_A-Za-z0-9]*\)$/\1 \2 \2/p'\'' | sed '\''/ __gnu_lto/d'\'''
lt_cv_sys_global_symbol_to_c_name_address='sed -n -e '\''s/^: \([^ ]*\)[ ]*$/  {\"\1\", (void *) 0},/p'\'' -e '\''s/^[ABCDGIRSTW]* \([^ ]*\) \([^ ]*\)$/  {"\2", (void *) \&\2},/p'\'''
lt_cv_sys_global_symbol_to_c_name_address_lib_prefix='sed -n -e '\''s/^: \([^ ]*\)[ ]*$/  {\"\1\", (void *) 0},/p'\'' -e '\''s/^[ABCDGIRSTW]* \([^ ]*\) \(lib[^ ]*\)$/  {"\2", (void *) \&\2},/p'\'' -e '\''s/^[ABCDGIRSTW]* \([^ ]*\) \([^ ]*\)$/  {"lib\2", (void *) \&\2},/p'\'''
lt_cv_sys_global_symbol_to_cdecl='sed -n -e '\''s/^T .* \(.*\)$/extern int \1();/p'\'' -e '\''s/^[ABCDGIRSTW]* .* \(.*\)$/extern char \1;/p'\'''
lt_cv_sys_max_cmd_len=3458764513820540925
lt_cv_to_host_file_cmd=func_convert_file_noop
lt_cv_to_tool_file_cmd=func_convert_file_noop
pkg_cv_BSD_CFLAGS=' '
pkg_cv_BSD_LIBS='-lbsd  '
pkg_cv_EDJE_CFLAGS='-D_REENTRANT -pthread -I/usr/include/efl-1 -I/usr/include/edje-1 -I/usr//include/luajit-2.0 -I/usr/include/ecore-audio-1 -I/usr/include/ephysics-1 -I/usr/include/efreet-1 -I/usr/include/emile-1 -I/usr/include/eio-1 -I/usr/include/embryo-1 -I/usr/include/ecore-imf-evas-1 -I/usr/include/ecore-imf-1 -I/usr/include/ecore-input-1 -I/usr/include/ecore-file-1 -I/usr/include/ecore-evas-1 -I/usr/include/ecore-1 -I/usr/include/evas-1 -I/usr/include/eet-1 -I/usr/include/eo-1 -I/usr/include/eina-1 -I/usr/include/eina-1/eina -I/usr/include/glib-2.0 -I/usr/lib/x86_64-linux-gnu/glib-2.0/include -I/usr/include/bullet -I/usr/include/libpng12 -I/usr/include/harfbuzz -I/usr/include/fribidi -I/usr/include/freetype2 -I/usr/include/ector-1 -I/usr/include/ecore-ipc-1 -I/usr/include/ecore-con-1 -I/usr/include/ecore-input-evas-1  '
pkg_cv_EDJE_LIBS='-ledje  '
pkg_cv_E_CFLAGS='-DUSE_E_CONFIG_H -pthread -D_REENTRANT -I/usr/include/enlightenment -I/usr/include/efl-1 -I/usr/include/evas-1 -I/usr/include/ecore-1 -I/usr/include/ecore-x-1 -I/usr/include/ecore-evas-1 -I/usr/include/ecore-con-1 -I/usr/include/ecore-ipc-1 -I/usr/include/ecore-file-1 -I/usr/include/eet-1 -I/usr/include/edje-1 -I/usr/include/efreet-1 -I/usr/include/eina-1 -I/usr/include/eina-1/eina -I/usr/include/dbus-1.0 -I/usr/lib/x86_64-linux-gnu/dbus-1.0/include -I/usr/include/e_dbus-1 -I/usr/include/eio-1 -I/usr/include/eeze-1 -I/usr/include/elementary-1 -I/usr/include/emotion-1 -I/usr/include/libpng12 -I/usr/include/harfbuzz -I/usr/include/fribidi -I/usr/include/freetype2 -I/usr/include/ector-1 -I/usr/include/emile-1 -I/usr/include/eo-1 -I/usr//include/luajit-2.0 -I/usr/include/glib-2.0 -I/usr/lib/x86_64-linux-gnu/glib-2.0/include -I/usr/include/ecore-input-1 -I/usr/include/ecore-input-evas-1 -I/usr/include/ecore-audio-1 -I/usr/include/ephysics-1 -I/usr/include/embryo-1 -I/usr/include/ecore-imf-evas-1 -I/usr/include/ecore-imf-1 -I/usr/include/bullet -I/usr/include/libmount -I/usr/include/blkid -I/usr/include/uuid -I/usr/include/elocation-1 -I/usr/include/ecore-fb-1 -I/usr/include/ethumb-client-1 -I/usr/include/eldbus-1 -I/usr/include/ethumb-1  '
pkg_cv_E_LIBS='-lecore_x -lecore_ipc -lehal -ledbus -ldbus-1 -leukit -leeze -lelementary -lefl -leina -lpthread -leet -levas -lecore -lecore_evas -lecore_file -lecore_input -ledje -leo -lethumb_client -lecore_imf -lecore_con -leldbus -lefreet -lefreet_mime -lefreet_trash -leio -ldl -lm -lemotion  '

## ----------------- ##
## Output variables. ##
## ----------------- ##

ACLOCAL='${SHELL} /home/stefan/Clipboard/missing aclocal-1.14'
AMDEPBACKSLASH='\'
AMDEP_FALSE='#'
AMDEP_TRUE=''
AMTAR='$${TAR-tar}'
AM_BACKSLASH='\'
AM_DEFAULT_V='$(AM_DEFAULT_VERBOSITY)'
AM_DEFAULT_VERBOSITY='1'
AM_V='$(V)'
AR='ar'
AUTOCONF='${SHELL} /home/stefan/Clipboard/missing autoconf'
AUTOHEADER='${SHELL} /home/stefan/Clipboard/missing autoheader'
AUTOMAKE='${SHELL} /home/stefan/Clipboard/missing automake-1.14'
AWK='mawk'
BSD_CFLAGS=' '
BSD_LIBS='-lbsd  '
CC='gcc'
CCDEPMODE='depmode=gcc3'
CFLAGS='-g -O2'
CPP='gcc -E'
CPPFLAGS=''
CYGPATH_W='echo'
DEFS='-DHAVE_CONFIG_H'
DEPDIR='.deps'
DLLTOOL='false'
DSYMUTIL=''
DUMPBIN=''
ECHO_C=''
ECHO_N='-n'
ECHO_T=''
EDJE_CC='/usr/bin/edje_cc'
EDJE_CFLAGS='-D_REENTRANT -pthread -I/usr/include/efl-1 -I/usr/include/edje-1 -I/usr//include/luajit-2.0 -I/usr/include/ecore-audio-1 -I/usr/include/ephysics-1 -I/usr/include/efreet-1 -I/usr/include/emile-1 -I/usr/include/eio-1 -I/usr/include/embryo-1 -I/usr/include/ecore-imf-evas-1 -I/usr/include/ecore-imf-1 -I/usr/include/ecore-input-1 -I/usr/include/ecore-file-1 -I/usr/include/ecore-evas-1 -I/usr/include/ecore-1 -I/usr/include/evas-1 -I/usr/include/eet-1 -I/usr/include/eo-1 -I/usr/include/eina-1 -I/usr/include/eina-1/eina -I/usr/include/glib-2.0 -I/usr/lib/x86_64-linux-gnu/glib-2.0/include -I/usr/include/bullet -I/usr/include/libpng12 -I/usr/include/harfbuzz -I/usr/include/fribidi -I/usr/include/freetype2 -I/usr/include/ector-1 -I/usr/include/ecore-ipc-1 -I/usr/include/ecore-con-1 -I/usr/include/ecore-input-evas-1  '
EDJE_LIBS='-ledje  '
EGREP='/bin/grep -E'
EXEEXT=''
E_CFLAGS='-DUSE_E_CONFIG_H -pthread -D_REENTRANT -I/usr/include/enlightenment -I/usr/include/efl-1 -I/usr/include/evas-1 -I/usr/include/ecore-1 -I/usr/include/ecore-x-1 -I/usr/include/ecore-evas-1 -I/usr/include/ecore-con-1 -I/usr/include/ecore-ipc-1 -I/usr/include/ecore-file-1 -I/usr/include/eet-1 -I/usr/include/edje-1 -I/usr/include/efreet-1 -I/usr/include/eina-1 -I/usr/include/eina-1/eina -I/usr/include/dbus-1.0 -I/usr/lib/x86_64-linux-gnu/dbus-1.0/include -I/usr/include/e_dbus-1 -I/usr/include/eio-1 -I/usr/include/eeze-1 -I/usr/include/elementary-1 -I/usr/include/emotion-1 -I/usr/include/libpng12 -I/usr/include/harfbuzz -I/usr/include/fribidi -I/usr/include/freetype2 -I/usr/include/ector-1 -I/usr/include/emile-1 -I/usr/include/eo-1 -I/usr//include/luajit-2.0 -I/usr/include/glib-2.0 -I/usr/lib/x86_64-linux-gnu/glib-2.0/include -I/usr/include/ecore-input-1 -I/usr/include/ecore-input-evas-1 -I/usr/include/ecore-audio-1 -I/usr/include/ephysics-1 -I/usr/include/embryo-1 -I/usr/include/ecore-imf-evas-1 -I/usr/include/ecore-imf-1 -I/usr/include/bullet -I/usr/include/libmount -I/usr/include/blkid -I/usr/include/uuid -I/usr/include/elocation-1 -I/usr/include/ecore-fb-1 -I/usr/include/ethumb-client-1 -I/usr/include/eldbus-1 -I/usr/include/ethumb-1  '
E_LIBS='-lecore_x -lecore_ipc -lehal -ledbus -ldbus-1 -leukit -leeze -lelementary -lefl -leina -lpthread -leet -levas -lecore -lecore_evas -lecore_file -lecore_input -ledje -leo -lethumb_client -lecore_imf -lecore_con -leldbus -lefreet -lefreet_mime -lefreet_trash -leio -ldl -lm -lemotion  '
FGREP='/bin/grep -F'
GREP='/bin/grep'
INSTALL_DATA='${INSTALL} -m 644'
INSTALL_PROGRAM='${INSTALL}'
INSTALL_SCRIPT='${INSTALL}'
INSTALL_STRIP_PROGRAM='$(install_sh) -c -s'
LD='/usr/bin/ld -m elf_x86_64'
LDFLAGS=''
LIBOBJS=''
LIBS=''
LIBTOOL='$(SHELL) $(top_builddir)/libtool'
LIPO=''
LN_S='ln -s'
LTLIBOBJS=''
MAKEINFO='${SHELL} /home/stefan/Clipboard/missing makeinfo'
MANIFEST_TOOL=':'
MKDIR_P='/bin/mkdir -p'
MODULE_ARCH='linux-gnu-x86_64-0.2.0'
NM='/usr/bin/nm -B'
NMEDIT=''
OBJDUMP='objdump'
OBJEXT='o'
OTOOL64=''
OTOOL=''
PACKAGE='clipboard'
PACKAGE_BUGREPORT='enlightenment-devel@lists.sourceforge.net'
PACKAGE_NAME='clipboard'
PACKAGE_STRING='clipboard 0.0.1'
PACKAGE_TARNAME='clipboard'
PACKAGE_URL=''
PACKAGE_VERSION='0.0.1'
PATH_SEPARATOR=':'
PKG_CONFIG='/usr/bin/pkg-config'
PKG_CONFIG_LIBDIR=''
PKG_CONFIG_PATH=''
RANLIB='ranlib'
SED='/bin/sed'
SET_MAKE=''
SHELL='/bin/bash'
STRIP='strip'
VERSION='0.0.1'
ac_ct_AR='ar'
ac_ct_CC='gcc'
ac_ct_DUMPBIN=''
am__EXEEXT_FALSE=''
am__EXEEXT_TRUE='#'
am__fastdepCC_FALSE='#'
am__fastdepCC_TRUE=''
am__include='include'
am__isrc=''
am__leading_dot='.'
am__nodep='_no'
am__quote=''
am__tar='$${TAR-tar} chof - "$$tardir"'
am__untar='$${TAR-tar} xf -'
bindir='${exec_prefix}/bin'
build='x86_64-unknown-linux-gnu'
build_alias=''
build_cpu='x86_64'
build_os='linux-gnu'
build_vendor='unknown'
datadir='/usr/lib/x86_64-linux-gnu/enlightenment/modules/clipboard'
datarootdir='${prefix}/share'
docdir='${datarootdir}/doc/${PACKAGE_TARNAME}'
dvidir='${docdir}'
exec_prefix='${prefix}'
host='x86_64-unknown-linux-gnu'
host_alias=''
host_cpu='x86_64'
host_os='linux-gnu'
host_vendor='unknown'
htmldir='${docdir}'
includedir='${prefix}/include'
infodir='${datarootdir}/info'
install_sh='${SHELL} /home/stefan/Clipboard/install-sh'
libdir='${exec_prefix}/lib'
libexecdir='${exec_prefix}/libexec'
localedir='${datarootdir}/locale'
localstatedir='${prefix}/var'
mandir='${datarootdir}/man'
mkdir_p='$(MKDIR_P)'
oldincludedir='/usr/include'
pdfdir='${docdir}'
prefix='/usr/local'
program_transform_name='s,x,x,'
psdir='${docdir}'
sbindir='${exec_prefix}/sbin'
sharedstatedir='${prefix}/com'
sysconfdir='${prefix}/etc'
target_alias=''

## ----------- ##
## confdefs.h. ##
## ----------- ##

/* confdefs.h */
#define PACKAGE_NAME "clipboard"
#define PACKAGE_TARNAME "clipboard"
#define PACKAGE_VERSION "0.0.1"
#define PACKAGE_STRING "clipboard 0.0.1"
#define PACKAGE_BUGREPORT "enlightenment-devel@lists.sourceforge.net"
#define PACKAGE_URL ""
#define PACKAGE "clipboard"
#define VERSION "0.0.1"
#define STDC_HEADERS 1
#define HAVE_SYS_TYPES_H 1
#define HAVE_SYS_STAT_H 1
#define HAVE_STDLIB_H 1
#define HAVE_STRING_H 1
#define HAVE_MEMORY_H 1
#define HAVE_STRINGS_H 1
#define HAVE_INTTYPES_H 1
#define HAVE_STDINT_H 1
#define HAVE_UNISTD_H 1
#define HAVE_DLFCN_H 1
#define LT_OBJDIR ".libs/"
#define MODULE_ARCH "linux-gnu-x86_64-0.2.0"

configure: exit 0

## ---------------------- ##
## Running config.status. ##
## ---------------------- ##

This file was extended by clipboard config.status 0.0.1, which was
generated by GNU Autoconf 2.69.  Invocation command line was

  CONFIG_FILES    = 
  CONFIG_HEADERS  = 
  CONFIG_LINKS    = 
  CONFIG_COMMANDS = 
  $ ./config.status 

on E31-70

config.status:1110: creating Makefile
config.status:1110: creating src/Makefile
config.status:1110: creating e_modules-clipboard.spec
config.status:1110: creating module.desktop
config.status:1110: creating config.h
config.status:1339: executing depfiles commands
config.status:1339: executing libtool commands
config.status:1339: executing default commands

## ---------------------- ##
## Running config.status. ##
## ---------------------- ##

This file was extended by clipboard config.status 0.0.1, which was
generated by GNU Autoconf 2.69.  Invocation command line was

  CONFIG_FILES    = 
  CONFIG_HEADERS  = 
  CONFIG_LINKS    = 
  CONFIG_COMMANDS = 
  $ ./config.status config.h

on E31-70

config.status:1110: creating config.h
config.status:1291: config.h is unchanged
